<?xml version="1.0" encoding="UTF-8"?>
<!-- Generated by org.testng.reporters.JUnitXMLReporter -->
<testsuite ignored="0" hostname="Layrock" failures="0" tests="5" name="Surefire test" time="10.498" errors="0" timestamp="2026-08-08T15:50:07 CDT">
  <testcase classname="com.example.tests.LoginTest" name="acceptedUsernamesPanel" time="0.526"/>
  <testcase classname="com.example.tests.LoginTest" name="invalidLoginShowsError" time="0.702"/>
  <testcase classname="com.example.tests.LoginTest" name="invalidLoginShowsError" time="0.62"/>
  <testcase classname="com.example.tests.LoginTest" name="invalidLoginShowsError" time="0.595"/>
  <testcase classname="com.example.tests.LoginTest" name="validLoginSucceeds" time="0.671"/>
</testsuite> <!-- Surefire test -->
