<?xml version="1.0" encoding="UTF-8"?>
<!-- Generated by org.testng.reporters.JUnitXMLReporter -->
<testsuite ignored="0" hostname="Layrock" failures="0" tests="5" name="Default test" time="15.053" errors="0" timestamp="2026-08-15T11:44:03 CDT">
  <testcase classname="com.example.tests.LoginTest" name="acceptedUsernamesPanel" time="0.569"/>
  <testcase classname="com.example.tests.LoginTest" name="invalidLoginShowsError" time="0.566"/>
  <testcase classname="com.example.tests.LoginTest" name="invalidLoginShowsError" time="0.52"/>
  <testcase classname="com.example.tests.LoginTest" name="invalidLoginShowsError" time="0.506"/>
  <testcase classname="com.example.tests.LoginTest" name="validLoginSucceeds" time="0.58"/>
</testsuite> <!-- Default test -->
