<?xml version="1.0" encoding="UTF-8"?>
<testng-results ignored="0" total="8" passed="8" failed="0" skipped="0">
  <reporter-output>
  </reporter-output>
  <suite started-at="2026-08-16T15:48:47 CDT" name="LoginSuite" finished-at="2026-08-16T15:49:06 CDT" duration-ms="18585">
    <groups>
    </groups>
    <test started-at="2026-08-16T15:48:47 CDT" name="LoginOnly" finished-at="2026-08-16T15:49:06 CDT" duration-ms="18585">
      <class name="com.example.tests.LoginTest">
        <test-method is-config="true" signature="setUp(java.lang.String)[pri:0, instance:com.example.tests.LoginTest@5a56cdac]" started-at="2026-08-16T15:48:47 CDT" name="setUp" finished-at="2026-08-16T15:48:50 CDT" duration-ms="2045" status="PASS">
          <params>
            <param index="0">
              <value>
                <![CDATA[chrome]]>
              </value>
            </param>
          </params>
          <reporter-output>
          </reporter-output>
        </test-method> <!-- setUp -->
        <test-method signature="acceptedUsernamesPanel()[pri:0, instance:com.example.tests.LoginTest@5a56cdac]" started-at="2026-08-16T15:48:50 CDT" name="acceptedUsernamesPanel" description="Accepted usernames/password panel: heading and list are correct" finished-at="2026-08-16T15:48:50 CDT" duration-ms="609" status="PASS">
          <reporter-output>
          </reporter-output>
        </test-method> <!-- acceptedUsernamesPanel -->
        <test-method is-config="true" signature="tearDown()[pri:0, instance:com.example.tests.LoginTest@5a56cdac]" started-at="2026-08-16T15:48:50 CDT" name="tearDown" finished-at="2026-08-16T15:48:50 CDT" duration-ms="288" status="PASS">
          <reporter-output>
          </reporter-output>
        </test-method> <!-- tearDown -->
        <test-method is-config="true" signature="setUp(java.lang.String)[pri:0, instance:com.example.tests.LoginTest@5a56cdac]" started-at="2026-08-16T15:48:51 CDT" name="setUp" finished-at="2026-08-16T15:48:52 CDT" duration-ms="1497" status="PASS">
          <params>
            <param index="0">
              <value>
                <![CDATA[chrome]]>
              </value>
            </param>
          </params>
          <reporter-output>
          </reporter-output>
        </test-method> <!-- setUp -->
        <test-method signature="invalidLoginShowsError(java.lang.String,java.lang.String,java.lang.String)[pri:0, instance:com.example.tests.LoginTest@5a56cdac]" started-at="2026-08-16T15:48:52 CDT" name="invalidLoginShowsError" description="A locked-out user is rejected with an error" data-provider="badCredentialsExcel" finished-at="2026-08-16T15:48:53 CDT" duration-ms="600" status="PASS">
          <params>
            <param index="0">
              <value>
                <![CDATA[locked_out_user]]>
              </value>
            </param>
            <param index="1">
              <value>
                <![CDATA[secret_sauce]]>
              </value>
            </param>
            <param index="2">
              <value>
                <![CDATA[locked out]]>
              </value>
            </param>
          </params>
          <reporter-output>
          </reporter-output>
        </test-method> <!-- invalidLoginShowsError -->
        <test-method is-config="true" signature="tearDown()[pri:0, instance:com.example.tests.LoginTest@5a56cdac]" started-at="2026-08-16T15:48:53 CDT" name="tearDown" finished-at="2026-08-16T15:48:53 CDT" duration-ms="411" status="PASS">
          <reporter-output>
          </reporter-output>
        </test-method> <!-- tearDown -->
        <test-method is-config="true" signature="setUp(java.lang.String)[pri:0, instance:com.example.tests.LoginTest@5a56cdac]" started-at="2026-08-16T15:48:53 CDT" name="setUp" finished-at="2026-08-16T15:48:55 CDT" duration-ms="1353" status="PASS">
          <params>
            <param index="0">
              <value>
                <![CDATA[chrome]]>
              </value>
            </param>
          </params>
          <reporter-output>
          </reporter-output>
        </test-method> <!-- setUp -->
        <test-method signature="invalidLoginShowsError(java.lang.String,java.lang.String,java.lang.String)[pri:0, instance:com.example.tests.LoginTest@5a56cdac]" started-at="2026-08-16T15:48:55 CDT" name="invalidLoginShowsError" description="A locked-out user is rejected with an error" data-provider="badCredentialsExcel" finished-at="2026-08-16T15:48:55 CDT" duration-ms="633" status="PASS">
          <params>
            <param index="0">
              <value>
                <![CDATA[standard_user]]>
              </value>
            </param>
            <param index="1">
              <value>
                <![CDATA[wrong_password]]>
              </value>
            </param>
            <param index="2">
              <value>
                <![CDATA[do not match]]>
              </value>
            </param>
          </params>
          <reporter-output>
          </reporter-output>
        </test-method> <!-- invalidLoginShowsError -->
        <test-method is-config="true" signature="tearDown()[pri:0, instance:com.example.tests.LoginTest@5a56cdac]" started-at="2026-08-16T15:48:55 CDT" name="tearDown" finished-at="2026-08-16T15:48:56 CDT" duration-ms="299" status="PASS">
          <reporter-output>
          </reporter-output>
        </test-method> <!-- tearDown -->
        <test-method is-config="true" signature="setUp(java.lang.String)[pri:0, instance:com.example.tests.LoginTest@5a56cdac]" started-at="2026-08-16T15:48:56 CDT" name="setUp" finished-at="2026-08-16T15:48:57 CDT" duration-ms="1058" status="PASS">
          <params>
            <param index="0">
              <value>
                <![CDATA[chrome]]>
              </value>
            </param>
          </params>
          <reporter-output>
          </reporter-output>
        </test-method> <!-- setUp -->
        <test-method signature="invalidLoginShowsError(java.lang.String,java.lang.String,java.lang.String)[pri:0, instance:com.example.tests.LoginTest@5a56cdac]" started-at="2026-08-16T15:48:57 CDT" name="invalidLoginShowsError" description="A locked-out user is rejected with an error" data-provider="badCredentialsExcel" finished-at="2026-08-16T15:48:57 CDT" duration-ms="572" status="PASS">
          <params>
            <param index="0">
              <value>
                <![CDATA[]]>
              </value>
            </param>
            <param index="1">
              <value>
                <![CDATA[secret_sauce]]>
              </value>
            </param>
            <param index="2">
              <value>
                <![CDATA[Username is required]]>
              </value>
            </param>
          </params>
          <reporter-output>
          </reporter-output>
        </test-method> <!-- invalidLoginShowsError -->
        <test-method is-config="true" signature="tearDown()[pri:0, instance:com.example.tests.LoginTest@5a56cdac]" started-at="2026-08-16T15:48:57 CDT" name="tearDown" finished-at="2026-08-16T15:48:58 CDT" duration-ms="283" status="PASS">
          <reporter-output>
          </reporter-output>
        </test-method> <!-- tearDown -->
        <test-method is-config="true" signature="setUp(java.lang.String)[pri:0, instance:com.example.tests.LoginTest@5a56cdac]" started-at="2026-08-16T15:48:58 CDT" name="setUp" finished-at="2026-08-16T15:48:59 CDT" duration-ms="990" status="PASS">
          <params>
            <param index="0">
              <value>
                <![CDATA[chrome]]>
              </value>
            </param>
          </params>
          <reporter-output>
          </reporter-output>
        </test-method> <!-- setUp -->
        <test-method signature="invalidLoginShowsError(java.lang.String,java.lang.String,java.lang.String)[pri:0, instance:com.example.tests.LoginTest@5a56cdac]" started-at="2026-08-16T15:48:59 CDT" name="invalidLoginShowsError" description="A locked-out user is rejected with an error" data-provider="badCredentialsExcel" finished-at="2026-08-16T15:48:59 CDT" duration-ms="565" status="PASS">
          <params>
            <param index="0">
              <value>
                <![CDATA[standard_user]]>
              </value>
            </param>
            <param index="1">
              <value>
                <![CDATA[]]>
              </value>
            </param>
            <param index="2">
              <value>
                <![CDATA[Password is required]]>
              </value>
            </param>
          </params>
          <reporter-output>
          </reporter-output>
        </test-method> <!-- invalidLoginShowsError -->
        <test-method is-config="true" signature="tearDown()[pri:0, instance:com.example.tests.LoginTest@5a56cdac]" started-at="2026-08-16T15:48:59 CDT" name="tearDown" finished-at="2026-08-16T15:49:00 CDT" duration-ms="322" status="PASS">
          <reporter-output>
          </reporter-output>
        </test-method> <!-- tearDown -->
        <test-method is-config="true" signature="setUp(java.lang.String)[pri:0, instance:com.example.tests.LoginTest@5a56cdac]" started-at="2026-08-16T15:49:00 CDT" name="setUp" finished-at="2026-08-16T15:49:01 CDT" duration-ms="1312" status="PASS">
          <params>
            <param index="0">
              <value>
                <![CDATA[chrome]]>
              </value>
            </param>
          </params>
          <reporter-output>
          </reporter-output>
        </test-method> <!-- setUp -->
        <test-method signature="invalidLoginShowsError(java.lang.String,java.lang.String,java.lang.String)[pri:0, instance:com.example.tests.LoginTest@5a56cdac]" started-at="2026-08-16T15:49:01 CDT" name="invalidLoginShowsError" description="A locked-out user is rejected with an error" data-provider="badCredentialsExcel" finished-at="2026-08-16T15:49:01 CDT" duration-ms="561" status="PASS">
          <params>
            <param index="0">
              <value>
                <![CDATA[wrong_username]]>
              </value>
            </param>
            <param index="1">
              <value>
                <![CDATA[wrong_password]]>
              </value>
            </param>
            <param index="2">
              <value>
                <![CDATA[Username and password do not match any user in this service]]>
              </value>
            </param>
          </params>
          <reporter-output>
          </reporter-output>
        </test-method> <!-- invalidLoginShowsError -->
        <test-method is-config="true" signature="tearDown()[pri:0, instance:com.example.tests.LoginTest@5a56cdac]" started-at="2026-08-16T15:49:01 CDT" name="tearDown" finished-at="2026-08-16T15:49:02 CDT" duration-ms="437" status="PASS">
          <reporter-output>
          </reporter-output>
        </test-method> <!-- tearDown -->
        <test-method is-config="true" signature="setUp(java.lang.String)[pri:0, instance:com.example.tests.LoginTest@5a56cdac]" started-at="2026-08-16T15:49:02 CDT" name="setUp" finished-at="2026-08-16T15:49:03 CDT" duration-ms="1309" status="PASS">
          <params>
            <param index="0">
              <value>
                <![CDATA[chrome]]>
              </value>
            </param>
          </params>
          <reporter-output>
          </reporter-output>
        </test-method> <!-- setUp -->
        <test-method signature="invalidLoginShowsError(java.lang.String,java.lang.String,java.lang.String)[pri:0, instance:com.example.tests.LoginTest@5a56cdac]" started-at="2026-08-16T15:49:03 CDT" name="invalidLoginShowsError" description="A locked-out user is rejected with an error" data-provider="badCredentialsExcel" finished-at="2026-08-16T15:49:04 CDT" duration-ms="636" status="PASS">
          <params>
            <param index="0">
              <value>
                <![CDATA[wrong_username]]>
              </value>
            </param>
            <param index="1">
              <value>
                <![CDATA[secret_sauce]]>
              </value>
            </param>
            <param index="2">
              <value>
                <![CDATA[Username and password do not match any user in this service]]>
              </value>
            </param>
          </params>
          <reporter-output>
          </reporter-output>
        </test-method> <!-- invalidLoginShowsError -->
        <test-method is-config="true" signature="tearDown()[pri:0, instance:com.example.tests.LoginTest@5a56cdac]" started-at="2026-08-16T15:49:04 CDT" name="tearDown" finished-at="2026-08-16T15:49:04 CDT" duration-ms="297" status="PASS">
          <reporter-output>
          </reporter-output>
        </test-method> <!-- tearDown -->
        <test-method is-config="true" signature="setUp(java.lang.String)[pri:0, instance:com.example.tests.LoginTest@5a56cdac]" started-at="2026-08-16T15:49:04 CDT" name="setUp" finished-at="2026-08-16T15:49:05 CDT" duration-ms="991" status="PASS">
          <params>
            <param index="0">
              <value>
                <![CDATA[chrome]]>
              </value>
            </param>
          </params>
          <reporter-output>
          </reporter-output>
        </test-method> <!-- setUp -->
        <test-method signature="validLoginSucceeds(java.lang.String,java.lang.String)[pri:0, instance:com.example.tests.LoginTest@5a56cdac]" started-at="2026-08-16T15:49:05 CDT" name="validLoginSucceeds" description="Valid credentials land on the inventory page" data-provider="goodCredentialsExcel" finished-at="2026-08-16T15:49:06 CDT" duration-ms="594" status="PASS">
          <params>
            <param index="0">
              <value>
                <![CDATA[standard_user]]>
              </value>
            </param>
            <param index="1">
              <value>
                <![CDATA[secret_sauce]]>
              </value>
            </param>
          </params>
          <reporter-output>
          </reporter-output>
        </test-method> <!-- validLoginSucceeds -->
        <test-method is-config="true" signature="tearDown()[pri:0, instance:com.example.tests.LoginTest@5a56cdac]" started-at="2026-08-16T15:49:06 CDT" name="tearDown" finished-at="2026-08-16T15:49:06 CDT" duration-ms="374" status="PASS">
          <reporter-output>
          </reporter-output>
        </test-method> <!-- tearDown -->
      </class> <!-- com.example.tests.LoginTest -->
    </test> <!-- LoginOnly -->
  </suite> <!-- LoginSuite -->
</testng-results>
