<?xml version="1.0" encoding="UTF-8"?>
<testsuite xmlns:xsi="http://www.w3.org/2001/XMLSchema-instance" xsi:noNamespaceSchemaLocation="https://maven.apache.org/surefire/maven-surefire-plugin/xsd/surefire-test-report-3.0.xsd" version="3.0" name="TestSuite" time="19.244" tests="8" errors="0" skipped="0" failures="0">
  <properties>
[...]
</properties>
  <testcase name="acceptedUsernamesPanel" classname="com.example.tests.LoginTest" time="0.616">
    <system-out><![CDATA[Starting suite: LoginSuite
Setup/teardown OK: setUp
Navigating to: https://www.saucedemo.com/
Finding element: By.cssSelector: .login_logo
Finding element: By.cssSelector: .login_credentials h4
Finding element: By.cssSelector: .login_credentials
Finding element: By.cssSelector: .login_password h4
Finding element: By.cssSelector: .login_password
]]></system-out>
    <system-err><![CDATA[SLF4J: Failed to load class "org.slf4j.impl.StaticLoggerBinder".
SLF4J: Defaulting to no-operation (NOP) logger implementation
SLF4J: See http://www.slf4j.org/codes.html#StaticLoggerBinder for further details.
Aug 16, 2026 3:48:49 PM org.openqa.selenium.devtools.CdpVersionFinder findNearestMatch
WARNING: Unable to find CDP implementation matching 151
Aug 16, 2026 3:48:49 PM org.openqa.selenium.chromium.ChromiumDriver lambda$new$5
WARNING: Unable to find version of CDP to use for 151.0.7922.138. You may need to include a dependency on a specific version of the CDP using something similar to `org.seleniumhq.selenium:selenium-devtools-v86:4.20.0` where the version ("v86") matches the version of the chromium-based browser you're using and the version number of the artifact is the same as Selenium's.
]]></system-err>
  </testcase>
  <testcase name="invalidLoginShowsError[locked_out_user, secret_sauce, locked out](1)" classname="com.example.tests.LoginTest" time="0.6">
    <system-out><![CDATA[Setup/teardown OK: tearDown
Setup/teardown OK: setUp
Navigating to: https://www.saucedemo.com/
Finding element: By.id: user-name
Finding element: By.id: password
Finding element: By.id: login-button
About to click: [[ChromeDriver: chrome on windows (62e57a96eec48cf76d22072a0d0c9218)] -> id: login-button]
Clicked: [[ChromeDriver: chrome on windows (62e57a96eec48cf76d22072a0d0c9218)] -> id: login-button]
Finding element: By.cssSelector: [data-test='error']
]]></system-out>
    <system-err><![CDATA[ERROR StatusLogger Log4j2 could not find a logging implementation. Please add log4j-core to the classpath. Using SimpleLogger to log to the console...
Aug 16, 2026 3:48:52 PM org.openqa.selenium.devtools.CdpVersionFinder findNearestMatch
WARNING: Unable to find CDP implementation matching 151
Aug 16, 2026 3:48:52 PM org.openqa.selenium.chromium.ChromiumDriver lambda$new$5
WARNING: Unable to find version of CDP to use for 151.0.7922.138. You may need to include a dependency on a specific version of the CDP using something similar to `org.seleniumhq.selenium:selenium-devtools-v86:4.20.0` where the version ("v86") matches the version of the chromium-based browser you're using and the version number of the artifact is the same as Selenium's.
]]></system-err>
  </testcase>
  <testcase name="invalidLoginShowsError[standard_user, wrong_password, do not match](2)" classname="com.example.tests.LoginTest" time="0.632">
    <system-out><![CDATA[Setup/teardown OK: tearDown
Setup/teardown OK: setUp
Navigating to: https://www.saucedemo.com/
Finding element: By.id: user-name
Finding element: By.id: password
Finding element: By.id: login-button
About to click: [[ChromeDriver: chrome on windows (5983dd507cd56e43ae12f155e48c6ff9)] -> id: login-button]
Clicked: [[ChromeDriver: chrome on windows (5983dd507cd56e43ae12f155e48c6ff9)] -> id: login-button]
Finding element: By.cssSelector: [data-test='error']
]]></system-out>
    <system-err><![CDATA[Aug 16, 2026 3:48:55 PM org.openqa.selenium.devtools.CdpVersionFinder findNearestMatch
WARNING: Unable to find CDP implementation matching 151
Aug 16, 2026 3:48:55 PM org.openqa.selenium.chromium.ChromiumDriver lambda$new$5
WARNING: Unable to find version of CDP to use for 151.0.7922.138. You may need to include a dependency on a specific version of the CDP using something similar to `org.seleniumhq.selenium:selenium-devtools-v86:4.20.0` where the version ("v86") matches the version of the chromium-based browser you're using and the version number of the artifact is the same as Selenium's.
]]></system-err>
  </testcase>
  <testcase name="invalidLoginShowsError[, secret_sauce, Username is required](3)" classname="com.example.tests.LoginTest" time="0.57">
    <system-out><![CDATA[Setup/teardown OK: tearDown
Setup/teardown OK: setUp
Navigating to: https://www.saucedemo.com/
Finding element: By.id: user-name
Finding element: By.id: password
Finding element: By.id: login-button
About to click: [[ChromeDriver: chrome on windows (03226bb56281e2e8fcede5773fd50cbe)] -> id: login-button]
Clicked: [[ChromeDriver: chrome on windows (03226bb56281e2e8fcede5773fd50cbe)] -> id: login-button]
Finding element: By.cssSelector: [data-test='error']
]]></system-out>
    <system-err><![CDATA[Aug 16, 2026 3:48:57 PM org.openqa.selenium.devtools.CdpVersionFinder findNearestMatch
WARNING: Unable to find CDP implementation matching 151
Aug 16, 2026 3:48:57 PM org.openqa.selenium.chromium.ChromiumDriver lambda$new$5
WARNING: Unable to find version of CDP to use for 151.0.7922.138. You may need to include a dependency on a specific version of the CDP using something similar to `org.seleniumhq.selenium:selenium-devtools-v86:4.20.0` where the version ("v86") matches the version of the chromium-based browser you're using and the version number of the artifact is the same as Selenium's.
]]></system-err>
  </testcase>
  <testcase name="invalidLoginShowsError[standard_user, , Password is required](4)" classname="com.example.tests.LoginTest" time="0.564">
    <system-out><![CDATA[Setup/teardown OK: tearDown
Setup/teardown OK: setUp
Navigating to: https://www.saucedemo.com/
Finding element: By.id: user-name
Finding element: By.id: password
Finding element: By.id: login-button
About to click: [[ChromeDriver: chrome on windows (c054a79b49d64f8722fed87058feeeeb)] -> id: login-button]
Clicked: [[ChromeDriver: chrome on windows (c054a79b49d64f8722fed87058feeeeb)] -> id: login-button]
Finding element: By.cssSelector: [data-test='error']
]]></system-out>
    <system-err><![CDATA[Aug 16, 2026 3:48:59 PM org.openqa.selenium.devtools.CdpVersionFinder findNearestMatch
WARNING: Unable to find CDP implementation matching 151
Aug 16, 2026 3:48:59 PM org.openqa.selenium.chromium.ChromiumDriver lambda$new$5
WARNING: Unable to find version of CDP to use for 151.0.7922.138. You may need to include a dependency on a specific version of the CDP using something similar to `org.seleniumhq.selenium:selenium-devtools-v86:4.20.0` where the version ("v86") matches the version of the chromium-based browser you're using and the version number of the artifact is the same as Selenium's.
]]></system-err>
  </testcase>
  <testcase name="invalidLoginShowsError[wrong_username, wrong_password, Username and password do not match any user in this service](5)" classname="com.example.tests.LoginTest" time="0.56">
    <system-out><![CDATA[Setup/teardown OK: tearDown
Setup/teardown OK: setUp
Navigating to: https://www.saucedemo.com/
Finding element: By.id: user-name
Finding element: By.id: password
Finding element: By.id: login-button
About to click: [[ChromeDriver: chrome on windows (d62a46ed3de963b054606518dcb49918)] -> id: login-button]
Clicked: [[ChromeDriver: chrome on windows (d62a46ed3de963b054606518dcb49918)] -> id: login-button]
Finding element: By.cssSelector: [data-test='error']
]]></system-out>
    <system-err><![CDATA[Aug 16, 2026 3:49:01 PM org.openqa.selenium.devtools.CdpVersionFinder findNearestMatch
WARNING: Unable to find CDP implementation matching 151
Aug 16, 2026 3:49:01 PM org.openqa.selenium.chromium.ChromiumDriver lambda$new$5
WARNING: Unable to find version of CDP to use for 151.0.7922.138. You may need to include a dependency on a specific version of the CDP using something similar to `org.seleniumhq.selenium:selenium-devtools-v86:4.20.0` where the version ("v86") matches the version of the chromium-based browser you're using and the version number of the artifact is the same as Selenium's.
]]></system-err>
  </testcase>
  <testcase name="invalidLoginShowsError[wrong_username, secret_sauce, Username and password do not match any user in this service](6)" classname="com.example.tests.LoginTest" time="0.635">
    <system-out><![CDATA[Setup/teardown OK: tearDown
Setup/teardown OK: setUp
Navigating to: https://www.saucedemo.com/
Finding element: By.id: user-name
Finding element: By.id: password
Finding element: By.id: login-button
About to click: [[ChromeDriver: chrome on windows (2a46e3b9b68c5a801bf5e273608bb202)] -> id: login-button]
Clicked: [[ChromeDriver: chrome on windows (2a46e3b9b68c5a801bf5e273608bb202)] -> id: login-button]
Finding element: By.cssSelector: [data-test='error']
]]></system-out>
    <system-err><![CDATA[Aug 16, 2026 3:49:03 PM org.openqa.selenium.devtools.CdpVersionFinder findNearestMatch
WARNING: Unable to find CDP implementation matching 151
Aug 16, 2026 3:49:03 PM org.openqa.selenium.chromium.ChromiumDriver lambda$new$5
WARNING: Unable to find version of CDP to use for 151.0.7922.138. You may need to include a dependency on a specific version of the CDP using something similar to `org.seleniumhq.selenium:selenium-devtools-v86:4.20.0` where the version ("v86") matches the version of the chromium-based browser you're using and the version number of the artifact is the same as Selenium's.
]]></system-err>
  </testcase>
  <testcase name="validLoginSucceeds[standard_user, secret_sauce](1)" classname="com.example.tests.LoginTest" time="0.593">
    <system-out><![CDATA[Setup/teardown OK: tearDown
Setup/teardown OK: setUp
Navigating to: https://www.saucedemo.com/
Finding element: By.id: user-name
Finding element: By.id: password
Finding element: By.id: login-button
About to click: [[ChromeDriver: chrome on windows (13b10de60df2a58647c006474ca0c1f2)] -> id: login-button]
Clicked: [[ChromeDriver: chrome on windows (13b10de60df2a58647c006474ca0c1f2)] -> id: login-button]
Finding element: By.id: inventory_container
]]></system-out>
    <system-err><![CDATA[Aug 16, 2026 3:49:05 PM org.openqa.selenium.devtools.CdpVersionFinder findNearestMatch
WARNING: Unable to find CDP implementation matching 151
Aug 16, 2026 3:49:05 PM org.openqa.selenium.chromium.ChromiumDriver lambda$new$5
WARNING: Unable to find version of CDP to use for 151.0.7922.138. You may need to include a dependency on a specific version of the CDP using something similar to `org.seleniumhq.selenium:selenium-devtools-v86:4.20.0` where the version ("v86") matches the version of the chromium-based browser you're using and the version number of the artifact is the same as Selenium's.
]]></system-err>
  </testcase>
</testsuite>