<?xml version="1.0" encoding="UTF-8"?>
<testng-results ignored="0" total="5" passed="5" failed="0" skipped="0">
  <reporter-output>
  </reporter-output>
  <suite started-at="2026-08-15T11:49:38 CDT" name="LoginSuite" finished-at="2026-08-15T11:49:48 CDT" duration-ms="10231">
    <groups>
    </groups>
    <test started-at="2026-08-15T11:49:38 CDT" name="LoginOnly" finished-at="2026-08-15T11:49:48 CDT" duration-ms="10231">
      <class name="com.example.tests.LoginTest">
        <test-method is-config="true" signature="setUp(java.lang.String)[pri:0, instance:com.example.tests.LoginTest@2c35e847]" started-at="2026-08-15T11:49:38 CDT" name="setUp" finished-at="2026-08-15T11:49:40 CDT" duration-ms="1498" status="PASS">
          <params>
            <param index="0">
              <value>
                <![CDATA[chrome]]>
              </value>
            </param>
          </params>
          <reporter-output>
          </reporter-output>
        </test-method> <!-- setUp -->
        <test-method signature="acceptedUsernamesPanel()[pri:0, instance:com.example.tests.LoginTest@2c35e847]" started-at="2026-08-15T11:49:40 CDT" name="acceptedUsernamesPanel" description="Accepted usernames/password panel: heading and list are correct" finished-at="2026-08-15T11:49:40 CDT" duration-ms="486" status="PASS">
          <reporter-output>
          </reporter-output>
        </test-method> <!-- acceptedUsernamesPanel -->
        <test-method is-config="true" signature="tearDown()[pri:0, instance:com.example.tests.LoginTest@2c35e847]" started-at="2026-08-15T11:49:40 CDT" name="tearDown" finished-at="2026-08-15T11:49:40 CDT" duration-ms="330" status="PASS">
          <reporter-output>
          </reporter-output>
        </test-method> <!-- tearDown -->
        <test-method is-config="true" signature="setUp(java.lang.String)[pri:0, instance:com.example.tests.LoginTest@2c35e847]" started-at="2026-08-15T11:49:40 CDT" name="setUp" finished-at="2026-08-15T11:49:42 CDT" duration-ms="1130" status="PASS">
          <params>
            <param index="0">
              <value>
                <![CDATA[chrome]]>
              </value>
            </param>
          </params>
          <reporter-output>
          </reporter-output>
        </test-method> <!-- setUp -->
        <test-method signature="invalidLoginShowsError(java.lang.String,java.lang.String,java.lang.String)[pri:0, instance:com.example.tests.LoginTest@2c35e847]" started-at="2026-08-15T11:49:42 CDT" name="invalidLoginShowsError" description="A locked-out user is rejected with an error" data-provider="badCredentials" finished-at="2026-08-15T11:49:42 CDT" duration-ms="584" status="PASS">
          <params>
            <param index="0">
              <value>
                <![CDATA[locked_out_user]]>
              </value>
            </param>
            <param index="1">
              <value>
                <![CDATA[secret_sauce]]>
              </value>
            </param>
            <param index="2">
              <value>
                <![CDATA[locked out]]>
              </value>
            </param>
          </params>
          <reporter-output>
          </reporter-output>
        </test-method> <!-- invalidLoginShowsError -->
        <test-method is-config="true" signature="tearDown()[pri:0, instance:com.example.tests.LoginTest@2c35e847]" started-at="2026-08-15T11:49:42 CDT" name="tearDown" finished-at="2026-08-15T11:49:42 CDT" duration-ms="326" status="PASS">
          <reporter-output>
          </reporter-output>
        </test-method> <!-- tearDown -->
        <test-method is-config="true" signature="setUp(java.lang.String)[pri:0, instance:com.example.tests.LoginTest@2c35e847]" started-at="2026-08-15T11:49:42 CDT" name="setUp" finished-at="2026-08-15T11:49:44 CDT" duration-ms="1115" status="PASS">
          <params>
            <param index="0">
              <value>
                <![CDATA[chrome]]>
              </value>
            </param>
          </params>
          <reporter-output>
          </reporter-output>
        </test-method> <!-- setUp -->
        <test-method signature="invalidLoginShowsError(java.lang.String,java.lang.String,java.lang.String)[pri:0, instance:com.example.tests.LoginTest@2c35e847]" started-at="2026-08-15T11:49:44 CDT" name="invalidLoginShowsError" description="A locked-out user is rejected with an error" data-provider="badCredentials" finished-at="2026-08-15T11:49:44 CDT" duration-ms="590" status="PASS">
          <params>
            <param index="0">
              <value>
                <![CDATA[standard_user]]>
              </value>
            </param>
            <param index="1">
              <value>
                <![CDATA[wrong_password]]>
              </value>
            </param>
            <param index="2">
              <value>
                <![CDATA[do not match]]>
              </value>
            </param>
          </params>
          <reporter-output>
          </reporter-output>
        </test-method> <!-- invalidLoginShowsError -->
        <test-method is-config="true" signature="tearDown()[pri:0, instance:com.example.tests.LoginTest@2c35e847]" started-at="2026-08-15T11:49:44 CDT" name="tearDown" finished-at="2026-08-15T11:49:44 CDT" duration-ms="302" status="PASS">
          <reporter-output>
          </reporter-output>
        </test-method> <!-- tearDown -->
        <test-method is-config="true" signature="setUp(java.lang.String)[pri:0, instance:com.example.tests.LoginTest@2c35e847]" started-at="2026-08-15T11:49:44 CDT" name="setUp" finished-at="2026-08-15T11:49:46 CDT" duration-ms="1037" status="PASS">
          <params>
            <param index="0">
              <value>
                <![CDATA[chrome]]>
              </value>
            </param>
          </params>
          <reporter-output>
          </reporter-output>
        </test-method> <!-- setUp -->
        <test-method signature="invalidLoginShowsError(java.lang.String,java.lang.String,java.lang.String)[pri:0, instance:com.example.tests.LoginTest@2c35e847]" started-at="2026-08-15T11:49:46 CDT" name="invalidLoginShowsError" description="A locked-out user is rejected with an error" data-provider="badCredentials" finished-at="2026-08-15T11:49:46 CDT" duration-ms="536" status="PASS">
          <params>
            <param index="0">
              <value>
                <![CDATA[]]>
              </value>
            </param>
            <param index="1">
              <value>
                <![CDATA[secret_sauce]]>
              </value>
            </param>
            <param index="2">
              <value>
                <![CDATA[Username is required]]>
              </value>
            </param>
          </params>
          <reporter-output>
          </reporter-output>
        </test-method> <!-- invalidLoginShowsError -->
        <test-method is-config="true" signature="tearDown()[pri:0, instance:com.example.tests.LoginTest@2c35e847]" started-at="2026-08-15T11:49:46 CDT" name="tearDown" finished-at="2026-08-15T11:49:46 CDT" duration-ms="373" status="PASS">
          <reporter-output>
          </reporter-output>
        </test-method> <!-- tearDown -->
        <test-method is-config="true" signature="setUp(java.lang.String)[pri:0, instance:com.example.tests.LoginTest@2c35e847]" started-at="2026-08-15T11:49:46 CDT" name="setUp" finished-at="2026-08-15T11:49:47 CDT" duration-ms="975" status="PASS">
          <params>
            <param index="0">
              <value>
                <![CDATA[chrome]]>
              </value>
            </param>
          </params>
          <reporter-output>
          </reporter-output>
        </test-method> <!-- setUp -->
        <test-method signature="validLoginSucceeds()[pri:0, instance:com.example.tests.LoginTest@2c35e847]" started-at="2026-08-15T11:49:47 CDT" name="validLoginSucceeds" description="Valid credentials land on the inventory page" finished-at="2026-08-15T11:49:48 CDT" duration-ms="581" status="PASS">
          <reporter-output>
          </reporter-output>
        </test-method> <!-- validLoginSucceeds -->
        <test-method is-config="true" signature="tearDown()[pri:0, instance:com.example.tests.LoginTest@2c35e847]" started-at="2026-08-15T11:49:48 CDT" name="tearDown" finished-at="2026-08-15T11:49:48 CDT" duration-ms="332" status="PASS">
          <reporter-output>
          </reporter-output>
        </test-method> <!-- tearDown -->
      </class> <!-- com.example.tests.LoginTest -->
    </test> <!-- LoginOnly -->
  </suite> <!-- LoginSuite -->
</testng-results>
