<?xml version="1.0" encoding="UTF-8"?>
<testng-results ignored="0" total="8" passed="7" failed="1" skipped="0">
  <reporter-output>
  </reporter-output>
  <suite started-at="2026-08-16T15:36:30 CDT" name="Default suite" finished-at="2026-08-16T15:36:47 CDT" duration-ms="16662">
    <groups>
    </groups>
    <test started-at="2026-08-16T15:36:30 CDT" name="Default test" finished-at="2026-08-16T15:36:47 CDT" duration-ms="16662">
      <class name="com.example.tests.LoginTest">
        <test-method is-config="true" signature="setUp(java.lang.String)[pri:0, instance:com.example.tests.LoginTest@34a3d150]" started-at="2026-08-16T15:36:30 CDT" name="setUp" finished-at="2026-08-16T15:36:32 CDT" duration-ms="2150" status="PASS">
          <params>
            <param index="0">
              <value>
                <![CDATA[chrome]]>
              </value>
            </param>
          </params>
          <reporter-output>
          </reporter-output>
        </test-method> <!-- setUp -->
        <test-method signature="acceptedUsernamesPanel()[pri:0, instance:com.example.tests.LoginTest@34a3d150]" started-at="2026-08-16T15:36:32 CDT" name="acceptedUsernamesPanel" description="Accepted usernames/password panel: heading and list are correct" finished-at="2026-08-16T15:36:33 CDT" duration-ms="772" status="PASS">
          <reporter-output>
          </reporter-output>
        </test-method> <!-- acceptedUsernamesPanel -->
        <test-method is-config="true" signature="tearDown()[pri:0, instance:com.example.tests.LoginTest@34a3d150]" started-at="2026-08-16T15:36:33 CDT" name="tearDown" finished-at="2026-08-16T15:36:33 CDT" duration-ms="284" status="PASS">
          <reporter-output>
          </reporter-output>
        </test-method> <!-- tearDown -->
        <test-method is-config="true" signature="setUp(java.lang.String)[pri:0, instance:com.example.tests.LoginTest@34a3d150]" started-at="2026-08-16T15:36:34 CDT" name="setUp" finished-at="2026-08-16T15:36:35 CDT" duration-ms="1292" status="PASS">
          <params>
            <param index="0">
              <value>
                <![CDATA[chrome]]>
              </value>
            </param>
          </params>
          <reporter-output>
          </reporter-output>
        </test-method> <!-- setUp -->
        <test-method signature="invalidLoginShowsError(java.lang.String,java.lang.String,java.lang.String)[pri:0, instance:com.example.tests.LoginTest@34a3d150]" started-at="2026-08-16T15:36:35 CDT" name="invalidLoginShowsError" description="A locked-out user is rejected with an error" data-provider="badCredentialsExcel" finished-at="2026-08-16T15:36:36 CDT" duration-ms="660" status="PASS">
          <params>
            <param index="0">
              <value>
                <![CDATA[locked_out_user]]>
              </value>
            </param>
            <param index="1">
              <value>
                <![CDATA[secret_sauce]]>
              </value>
            </param>
            <param index="2">
              <value>
                <![CDATA[locked out]]>
              </value>
            </param>
          </params>
          <reporter-output>
          </reporter-output>
        </test-method> <!-- invalidLoginShowsError -->
        <test-method is-config="true" signature="tearDown()[pri:0, instance:com.example.tests.LoginTest@34a3d150]" started-at="2026-08-16T15:36:36 CDT" name="tearDown" finished-at="2026-08-16T15:36:36 CDT" duration-ms="289" status="PASS">
          <reporter-output>
          </reporter-output>
        </test-method> <!-- tearDown -->
        <test-method is-config="true" signature="setUp(java.lang.String)[pri:0, instance:com.example.tests.LoginTest@34a3d150]" started-at="2026-08-16T15:36:36 CDT" name="setUp" finished-at="2026-08-16T15:36:37 CDT" duration-ms="1198" status="PASS">
          <params>
            <param index="0">
              <value>
                <![CDATA[chrome]]>
              </value>
            </param>
          </params>
          <reporter-output>
          </reporter-output>
        </test-method> <!-- setUp -->
        <test-method signature="invalidLoginShowsError(java.lang.String,java.lang.String,java.lang.String)[pri:0, instance:com.example.tests.LoginTest@34a3d150]" started-at="2026-08-16T15:36:37 CDT" name="invalidLoginShowsError" description="A locked-out user is rejected with an error" data-provider="badCredentialsExcel" finished-at="2026-08-16T15:36:38 CDT" duration-ms="649" status="PASS">
          <params>
            <param index="0">
              <value>
                <![CDATA[standard_user]]>
              </value>
            </param>
            <param index="1">
              <value>
                <![CDATA[wrong_password]]>
              </value>
            </param>
            <param index="2">
              <value>
                <![CDATA[do not match]]>
              </value>
            </param>
          </params>
          <reporter-output>
          </reporter-output>
        </test-method> <!-- invalidLoginShowsError -->
        <test-method is-config="true" signature="tearDown()[pri:0, instance:com.example.tests.LoginTest@34a3d150]" started-at="2026-08-16T15:36:38 CDT" name="tearDown" finished-at="2026-08-16T15:36:38 CDT" duration-ms="279" status="PASS">
          <reporter-output>
          </reporter-output>
        </test-method> <!-- tearDown -->
        <test-method is-config="true" signature="setUp(java.lang.String)[pri:0, instance:com.example.tests.LoginTest@34a3d150]" started-at="2026-08-16T15:36:38 CDT" name="setUp" finished-at="2026-08-16T15:36:40 CDT" duration-ms="1309" status="PASS">
          <params>
            <param index="0">
              <value>
                <![CDATA[chrome]]>
              </value>
            </param>
          </params>
          <reporter-output>
          </reporter-output>
        </test-method> <!-- setUp -->
        <test-method signature="invalidLoginShowsError(java.lang.String,java.lang.String,java.lang.String)[pri:0, instance:com.example.tests.LoginTest@34a3d150]" started-at="2026-08-16T15:36:40 CDT" name="invalidLoginShowsError" description="A locked-out user is rejected with an error" data-provider="badCredentialsExcel" finished-at="2026-08-16T15:36:40 CDT" duration-ms="550" status="PASS">
          <params>
            <param index="0">
              <value>
                <![CDATA[]]>
              </value>
            </param>
            <param index="1">
              <value>
                <![CDATA[secret_sauce]]>
              </value>
            </param>
            <param index="2">
              <value>
                <![CDATA[Username is required]]>
              </value>
            </param>
          </params>
          <reporter-output>
          </reporter-output>
        </test-method> <!-- invalidLoginShowsError -->
        <test-method is-config="true" signature="tearDown()[pri:0, instance:com.example.tests.LoginTest@34a3d150]" started-at="2026-08-16T15:36:40 CDT" name="tearDown" finished-at="2026-08-16T15:36:40 CDT" duration-ms="289" status="PASS">
          <reporter-output>
          </reporter-output>
        </test-method> <!-- tearDown -->
        <test-method is-config="true" signature="setUp(java.lang.String)[pri:0, instance:com.example.tests.LoginTest@34a3d150]" started-at="2026-08-16T15:36:40 CDT" name="setUp" finished-at="2026-08-16T15:36:42 CDT" duration-ms="1298" status="PASS">
          <params>
            <param index="0">
              <value>
                <![CDATA[chrome]]>
              </value>
            </param>
          </params>
          <reporter-output>
          </reporter-output>
        </test-method> <!-- setUp -->
        <test-method signature="invalidLoginShowsError(java.lang.String,java.lang.String,java.lang.String)[pri:0, instance:com.example.tests.LoginTest@34a3d150]" started-at="2026-08-16T15:36:42 CDT" name="invalidLoginShowsError" description="A locked-out user is rejected with an error" data-provider="badCredentialsExcel" finished-at="2026-08-16T15:36:42 CDT" duration-ms="553" status="PASS">
          <params>
            <param index="0">
              <value>
                <![CDATA[standard_user]]>
              </value>
            </param>
            <param index="1">
              <value>
                <![CDATA[]]>
              </value>
            </param>
            <param index="2">
              <value>
                <![CDATA[Password is required]]>
              </value>
            </param>
          </params>
          <reporter-output>
          </reporter-output>
        </test-method> <!-- invalidLoginShowsError -->
        <test-method is-config="true" signature="tearDown()[pri:0, instance:com.example.tests.LoginTest@34a3d150]" started-at="2026-08-16T15:36:42 CDT" name="tearDown" finished-at="2026-08-16T15:36:43 CDT" duration-ms="472" status="PASS">
          <reporter-output>
          </reporter-output>
        </test-method> <!-- tearDown -->
        <test-method is-config="true" signature="setUp(java.lang.String)[pri:0, instance:com.example.tests.LoginTest@34a3d150]" started-at="2026-08-16T15:36:43 CDT" name="setUp" finished-at="2026-08-16T15:36:44 CDT" duration-ms="1307" status="PASS">
          <params>
            <param index="0">
              <value>
                <![CDATA[chrome]]>
              </value>
            </param>
          </params>
          <reporter-output>
          </reporter-output>
        </test-method> <!-- setUp -->
        <test-method signature="invalidLoginShowsError(java.lang.String,java.lang.String,java.lang.String)[pri:0, instance:com.example.tests.LoginTest@34a3d150]" started-at="2026-08-16T15:36:44 CDT" name="invalidLoginShowsError" description="A locked-out user is rejected with an error" data-provider="badCredentialsExcel" finished-at="2026-08-16T15:36:45 CDT" duration-ms="606" status="PASS">
          <params>
            <param index="0">
              <value>
                <![CDATA[wrong_username]]>
              </value>
            </param>
            <param index="1">
              <value>
                <![CDATA[wrong_password]]>
              </value>
            </param>
            <param index="2">
              <value>
                <![CDATA[Username and password do not match any user in this service]]>
              </value>
            </param>
          </params>
          <reporter-output>
          </reporter-output>
        </test-method> <!-- invalidLoginShowsError -->
        <test-method is-config="true" signature="tearDown()[pri:0, instance:com.example.tests.LoginTest@34a3d150]" started-at="2026-08-16T15:36:45 CDT" name="tearDown" finished-at="2026-08-16T15:36:45 CDT" duration-ms="316" status="PASS">
          <reporter-output>
          </reporter-output>
        </test-method> <!-- tearDown -->
        <test-method is-config="true" signature="setUp(java.lang.String)[pri:0, instance:com.example.tests.LoginTest@34a3d150]" started-at="2026-08-16T15:36:45 CDT" name="setUp" finished-at="2026-08-16T15:36:46 CDT" duration-ms="975" status="PASS">
          <params>
            <param index="0">
              <value>
                <![CDATA[chrome]]>
              </value>
            </param>
          </params>
          <reporter-output>
          </reporter-output>
        </test-method> <!-- setUp -->
        <test-method signature="invalidLoginShowsError(java.lang.String,java.lang.String,java.lang.String)[pri:0, instance:com.example.tests.LoginTest@34a3d150]" started-at="2026-08-16T15:36:46 CDT" name="invalidLoginShowsError" description="A locked-out user is rejected with an error" data-provider="badCredentialsExcel" finished-at="2026-08-16T15:36:47 CDT" duration-ms="573" status="PASS">
          <params>
            <param index="0">
              <value>
                <![CDATA[wrong_username]]>
              </value>
            </param>
            <param index="1">
              <value>
                <![CDATA[secret_sauce]]>
              </value>
            </param>
            <param index="2">
              <value>
                <![CDATA[Username and password do not match any user in this service]]>
              </value>
            </param>
          </params>
          <reporter-output>
          </reporter-output>
        </test-method> <!-- invalidLoginShowsError -->
        <test-method is-config="true" signature="tearDown()[pri:0, instance:com.example.tests.LoginTest@34a3d150]" started-at="2026-08-16T15:36:47 CDT" name="tearDown" finished-at="2026-08-16T15:36:47 CDT" duration-ms="257" status="PASS">
          <reporter-output>
          </reporter-output>
        </test-method> <!-- tearDown -->
        <test-method signature="validLoginSucceeds(java.lang.String,java.lang.String)[pri:0, instance:com.example.tests.LoginTest@34a3d150]" started-at="2026-08-16T15:36:47 CDT" name="validLoginSucceeds" description="Valid credentials land on the inventory page" data-provider="goodCredentialsExcel" finished-at="2026-08-16T15:36:47 CDT" duration-ms="20" status="FAIL">
          <exception class="org.testng.internal.reflect.MethodMatcherException">
            <message>
              <![CDATA[
[public void com.example.tests.LoginTest.validLoginSucceeds(java.lang.String,java.lang.String)] has no parameters defined but was found to be using a data provider (either explicitly specified or inherited from class level annotation).
Data provider mismatch
Method: validLoginSucceeds([java.lang.String arg0, java.lang.String arg1])
Arguments: [(java.lang.String) standard_user,(java.lang.String) secret_sauce,(java.lang.String) ]]]>
            </message>
            <full-stacktrace>
              <![CDATA[org.testng.internal.reflect.MethodMatcherException: 
[public void com.example.tests.LoginTest.validLoginSucceeds(java.lang.String,java.lang.String)] has no parameters defined but was found to be using a data provider (either explicitly specified or inherited from class level annotation).
Data provider mismatch
Method: validLoginSucceeds([java.lang.String arg0, java.lang.String arg1])
Arguments: [(java.lang.String) standard_user,(java.lang.String) secret_sauce,(java.lang.String) ]
at org.testng.internal.reflect.DataProviderMethodMatcher.getConformingArguments(DataProviderMethodMatcher.java:46)
at org.testng.internal.Parameters.injectParameters(Parameters.java:915)
at org.testng.internal.invokers.MethodRunner.runInSequence(MethodRunner.java:50)
at org.testng.internal.invokers.TestInvoker$MethodInvocationAgent.invoke(TestInvoker.java:992)
at org.testng.internal.invokers.TestInvoker.invokeTestMethods(TestInvoker.java:203)
at org.testng.internal.invokers.TestMethodWorker.invokeTestMethods(TestMethodWorker.java:154)
at org.testng.internal.invokers.TestMethodWorker.run(TestMethodWorker.java:134)
at java.base/java.util.ArrayList.forEach(ArrayList.java:1511)
at org.testng.TestRunner.privateRun(TestRunner.java:739)
at org.testng.TestRunner.run(TestRunner.java:614)
at org.testng.SuiteRunner.runTest(SuiteRunner.java:421)
at org.testng.SuiteRunner.runSequentially(SuiteRunner.java:413)
at org.testng.SuiteRunner.privateRun(SuiteRunner.java:373)
at org.testng.SuiteRunner.run(SuiteRunner.java:312)
at org.testng.SuiteRunnerWorker.runSuite(SuiteRunnerWorker.java:52)
at org.testng.SuiteRunnerWorker.run(SuiteRunnerWorker.java:95)
at org.testng.TestNG.runSuitesSequentially(TestNG.java:1274)
at org.testng.TestNG.runSuitesLocally(TestNG.java:1208)
at org.testng.TestNG.runSuites(TestNG.java:1112)
at org.testng.TestNG.run(TestNG.java:1079)
at org.testng.remote.AbstractRemoteTestNG.run(AbstractRemoteTestNG.java:115)
at org.testng.remote.RemoteTestNG.initAndRun(RemoteTestNG.java:293)
at org.testng.remote.RemoteTestNG.main(RemoteTestNG.java:91)
]]>
            </full-stacktrace>
          </exception> <!-- org.testng.internal.reflect.MethodMatcherException -->
          <reporter-output>
          </reporter-output>
        </test-method> <!-- validLoginSucceeds -->
      </class> <!-- com.example.tests.LoginTest -->
    </test> <!-- Default test -->
  </suite> <!-- Default suite -->
</testng-results>
