<?xml version="1.0" encoding="UTF-8"?>
<testng-results ignored="0" total="5" passed="5" failed="0" skipped="0">
  <reporter-output>
  </reporter-output>
  <suite started-at="2026-08-15T11:43:48 CDT" name="Default suite" finished-at="2026-08-15T11:44:03 CDT" duration-ms="15053">
    <groups>
    </groups>
    <test started-at="2026-08-15T11:43:48 CDT" name="Default test" finished-at="2026-08-15T11:44:03 CDT" duration-ms="15053">
      <class name="com.example.tests.LoginTest">
        <test-method is-config="true" signature="setUp(java.lang.String)[pri:0, instance:com.example.tests.LoginTest@1283bb96]" started-at="2026-08-15T11:43:48 CDT" name="setUp" finished-at="2026-08-15T11:43:56 CDT" duration-ms="7380" status="PASS">
          <params>
            <param index="0">
              <value>
                <![CDATA[chrome]]>
              </value>
            </param>
          </params>
          <reporter-output>
          </reporter-output>
        </test-method> <!-- setUp -->
        <test-method signature="acceptedUsernamesPanel()[pri:0, instance:com.example.tests.LoginTest@1283bb96]" started-at="2026-08-15T11:43:56 CDT" name="acceptedUsernamesPanel" description="Accepted usernames/password panel: heading and list are correct" finished-at="2026-08-15T11:43:56 CDT" duration-ms="569" status="PASS">
          <reporter-output>
          </reporter-output>
        </test-method> <!-- acceptedUsernamesPanel -->
        <test-method is-config="true" signature="tearDown()[pri:0, instance:com.example.tests.LoginTest@1283bb96]" started-at="2026-08-15T11:43:56 CDT" name="tearDown" finished-at="2026-08-15T11:43:56 CDT" duration-ms="225" status="PASS">
          <reporter-output>
          </reporter-output>
        </test-method> <!-- tearDown -->
        <test-method is-config="true" signature="setUp(java.lang.String)[pri:0, instance:com.example.tests.LoginTest@1283bb96]" started-at="2026-08-15T11:43:56 CDT" name="setUp" finished-at="2026-08-15T11:43:57 CDT" duration-ms="927" status="PASS">
          <params>
            <param index="0">
              <value>
                <![CDATA[chrome]]>
              </value>
            </param>
          </params>
          <reporter-output>
          </reporter-output>
        </test-method> <!-- setUp -->
        <test-method signature="invalidLoginShowsError(java.lang.String,java.lang.String,java.lang.String)[pri:0, instance:com.example.tests.LoginTest@1283bb96]" started-at="2026-08-15T11:43:57 CDT" name="invalidLoginShowsError" description="A locked-out user is rejected with an error" data-provider="badCredentials" finished-at="2026-08-15T11:43:58 CDT" duration-ms="566" status="PASS">
          <params>
            <param index="0">
              <value>
                <![CDATA[locked_out_user]]>
              </value>
            </param>
            <param index="1">
              <value>
                <![CDATA[secret_sauce]]>
              </value>
            </param>
            <param index="2">
              <value>
                <![CDATA[locked out]]>
              </value>
            </param>
          </params>
          <reporter-output>
          </reporter-output>
        </test-method> <!-- invalidLoginShowsError -->
        <test-method is-config="true" signature="tearDown()[pri:0, instance:com.example.tests.LoginTest@1283bb96]" started-at="2026-08-15T11:43:58 CDT" name="tearDown" finished-at="2026-08-15T11:43:58 CDT" duration-ms="219" status="PASS">
          <reporter-output>
          </reporter-output>
        </test-method> <!-- tearDown -->
        <test-method is-config="true" signature="setUp(java.lang.String)[pri:0, instance:com.example.tests.LoginTest@1283bb96]" started-at="2026-08-15T11:43:58 CDT" name="setUp" finished-at="2026-08-15T11:43:59 CDT" duration-ms="906" status="PASS">
          <params>
            <param index="0">
              <value>
                <![CDATA[chrome]]>
              </value>
            </param>
          </params>
          <reporter-output>
          </reporter-output>
        </test-method> <!-- setUp -->
        <test-method signature="invalidLoginShowsError(java.lang.String,java.lang.String,java.lang.String)[pri:0, instance:com.example.tests.LoginTest@1283bb96]" started-at="2026-08-15T11:43:59 CDT" name="invalidLoginShowsError" description="A locked-out user is rejected with an error" data-provider="badCredentials" finished-at="2026-08-15T11:43:59 CDT" duration-ms="520" status="PASS">
          <params>
            <param index="0">
              <value>
                <![CDATA[standard_user]]>
              </value>
            </param>
            <param index="1">
              <value>
                <![CDATA[wrong_password]]>
              </value>
            </param>
            <param index="2">
              <value>
                <![CDATA[do not match]]>
              </value>
            </param>
          </params>
          <reporter-output>
          </reporter-output>
        </test-method> <!-- invalidLoginShowsError -->
        <test-method is-config="true" signature="tearDown()[pri:0, instance:com.example.tests.LoginTest@1283bb96]" started-at="2026-08-15T11:43:59 CDT" name="tearDown" finished-at="2026-08-15T11:44:00 CDT" duration-ms="197" status="PASS">
          <reporter-output>
          </reporter-output>
        </test-method> <!-- tearDown -->
        <test-method is-config="true" signature="setUp(java.lang.String)[pri:0, instance:com.example.tests.LoginTest@1283bb96]" started-at="2026-08-15T11:44:00 CDT" name="setUp" finished-at="2026-08-15T11:44:01 CDT" duration-ms="931" status="PASS">
          <params>
            <param index="0">
              <value>
                <![CDATA[chrome]]>
              </value>
            </param>
          </params>
          <reporter-output>
          </reporter-output>
        </test-method> <!-- setUp -->
        <test-method signature="invalidLoginShowsError(java.lang.String,java.lang.String,java.lang.String)[pri:0, instance:com.example.tests.LoginTest@1283bb96]" started-at="2026-08-15T11:44:01 CDT" name="invalidLoginShowsError" description="A locked-out user is rejected with an error" data-provider="badCredentials" finished-at="2026-08-15T11:44:01 CDT" duration-ms="506" status="PASS">
          <params>
            <param index="0">
              <value>
                <![CDATA[]]>
              </value>
            </param>
            <param index="1">
              <value>
                <![CDATA[secret_sauce]]>
              </value>
            </param>
            <param index="2">
              <value>
                <![CDATA[Username is required]]>
              </value>
            </param>
          </params>
          <reporter-output>
          </reporter-output>
        </test-method> <!-- invalidLoginShowsError -->
        <test-method is-config="true" signature="tearDown()[pri:0, instance:com.example.tests.LoginTest@1283bb96]" started-at="2026-08-15T11:44:01 CDT" name="tearDown" finished-at="2026-08-15T11:44:01 CDT" duration-ms="347" status="PASS">
          <reporter-output>
          </reporter-output>
        </test-method> <!-- tearDown -->
        <test-method is-config="true" signature="setUp(java.lang.String)[pri:0, instance:com.example.tests.LoginTest@1283bb96]" started-at="2026-08-15T11:44:01 CDT" name="setUp" finished-at="2026-08-15T11:44:02 CDT" duration-ms="922" status="PASS">
          <params>
            <param index="0">
              <value>
                <![CDATA[chrome]]>
              </value>
            </param>
          </params>
          <reporter-output>
          </reporter-output>
        </test-method> <!-- setUp -->
        <test-method signature="validLoginSucceeds()[pri:0, instance:com.example.tests.LoginTest@1283bb96]" started-at="2026-08-15T11:44:02 CDT" name="validLoginSucceeds" description="Valid credentials land on the inventory page" finished-at="2026-08-15T11:44:03 CDT" duration-ms="580" status="PASS">
          <reporter-output>
          </reporter-output>
        </test-method> <!-- validLoginSucceeds -->
        <test-method is-config="true" signature="tearDown()[pri:0, instance:com.example.tests.LoginTest@1283bb96]" started-at="2026-08-15T11:44:03 CDT" name="tearDown" finished-at="2026-08-15T11:44:03 CDT" duration-ms="211" status="PASS">
          <reporter-output>
          </reporter-output>
        </test-method> <!-- tearDown -->
      </class> <!-- com.example.tests.LoginTest -->
    </test> <!-- Default test -->
  </suite> <!-- Default suite -->
</testng-results>
