<?xml version="1.0" encoding="UTF-8"?>
<!-- Generated by org.testng.reporters.JUnitReportReporter -->
<testsuite hostname="Layrock" failures="0" tests="5" name="com.example.tests.LoginTest" time="15.006" errors="0" timestamp="2026-08-15T11:44:03 CDT" skipped="0">
  <testcase classname="com.example.tests.LoginTest" name="invalidLoginShowsError" time="1.704"/>
  <testcase classname="com.example.tests.LoginTest" name="acceptedUsernamesPanel" time="1.838"/>
  <testcase classname="com.example.tests.LoginTest" name="invalidLoginShowsError" time="1.648"/>
  <testcase classname="com.example.tests.LoginTest" name="invalidLoginShowsError" time="1.637"/>
  <testcase classname="com.example.tests.LoginTest" name="validLoginSucceeds" time="8.179"/>
</testsuite> <!-- com.example.tests.LoginTest -->
