<?xml version="1.0" encoding="UTF-8"?>
<!-- Generated by org.testng.reporters.JUnitReportReporter -->
<testsuite hostname="Layrock" failures="0" tests="8" name="com.example.tests.LoginTest" time="18.036" errors="0" timestamp="2026-08-16T15:49:06 CDT" skipped="0">
  <testcase classname="com.example.tests.LoginTest" name="invalidLoginShowsError" time="2.507"/>
  <testcase classname="com.example.tests.LoginTest" name="invalidLoginShowsError" time="2.292"/>
  <testcase classname="com.example.tests.LoginTest" name="acceptedUsernamesPanel" time="2.942"/>
  <testcase classname="com.example.tests.LoginTest" name="validLoginSucceeds" time="2.246"/>
  <testcase classname="com.example.tests.LoginTest" name="invalidLoginShowsError" time="1.838"/>
  <testcase classname="com.example.tests.LoginTest" name="invalidLoginShowsError" time="2.234"/>
  <testcase classname="com.example.tests.LoginTest" name="invalidLoginShowsError" time="1.989"/>
  <testcase classname="com.example.tests.LoginTest" name="invalidLoginShowsError" time="1.988"/>
</testsuite> <!-- com.example.tests.LoginTest -->
