<?xml version="1.0" encoding="UTF-8"?>
<!-- Generated by org.testng.reporters.JUnitReportReporter -->
<testsuite hostname="Layrock" failures="0" tests="5" name="com.example.tests.LoginTest" time="10.195" errors="0" timestamp="2026-08-15T11:49:49 CDT" skipped="0">
  <testcase classname="com.example.tests.LoginTest" name="invalidLoginShowsError" time="2.037"/>
  <testcase classname="com.example.tests.LoginTest" name="validLoginSucceeds" time="2.409"/>
  <testcase classname="com.example.tests.LoginTest" name="invalidLoginShowsError" time="1.875"/>
  <testcase classname="com.example.tests.LoginTest" name="invalidLoginShowsError" time="1.885"/>
  <testcase classname="com.example.tests.LoginTest" name="acceptedUsernamesPanel" time="1.989"/>
</testsuite> <!-- com.example.tests.LoginTest -->
