<?xml version="1.0" encoding="UTF-8"?>
<!-- Generated by org.testng.reporters.JUnitXMLReporter -->
<testsuite ignored="0" hostname="Layrock" failures="0" tests="5" name="LoginOnly" time="10.231" errors="0" timestamp="2026-08-15T11:49:49 CDT">
  <testcase classname="com.example.tests.LoginTest" name="acceptedUsernamesPanel" time="0.486"/>
  <testcase classname="com.example.tests.LoginTest" name="invalidLoginShowsError" time="0.584"/>
  <testcase classname="com.example.tests.LoginTest" name="invalidLoginShowsError" time="0.59"/>
  <testcase classname="com.example.tests.LoginTest" name="invalidLoginShowsError" time="0.536"/>
  <testcase classname="com.example.tests.LoginTest" name="validLoginSucceeds" time="0.581"/>
</testsuite> <!-- LoginOnly -->
