<?xml version="1.0" encoding="UTF-8"?>
<!-- Generated by org.testng.reporters.JUnitXMLReporter -->
<testsuite ignored="0" hostname="Layrock" failures="0" tests="8" name="LoginOnly" time="18.585" errors="0" timestamp="2026-08-16T15:49:06 CDT">
  <testcase classname="com.example.tests.LoginTest" name="acceptedUsernamesPanel" time="0.609"/>
  <testcase classname="com.example.tests.LoginTest" name="invalidLoginShowsError" time="0.6"/>
  <testcase classname="com.example.tests.LoginTest" name="invalidLoginShowsError" time="0.633"/>
  <testcase classname="com.example.tests.LoginTest" name="invalidLoginShowsError" time="0.572"/>
  <testcase classname="com.example.tests.LoginTest" name="invalidLoginShowsError" time="0.565"/>
  <testcase classname="com.example.tests.LoginTest" name="invalidLoginShowsError" time="0.561"/>
  <testcase classname="com.example.tests.LoginTest" name="invalidLoginShowsError" time="0.636"/>
  <testcase classname="com.example.tests.LoginTest" name="validLoginSucceeds" time="0.594"/>
</testsuite> <!-- LoginOnly -->
